#
# There is insufficient memory for the Java Runtime Environment to continue.
# Native memory allocation (mmap) failed to map 268435456 bytes for G1 virtual space
# Possible reasons:
#   The system is out of physical RAM or swap space
#   The process is running with CompressedOops enabled, and the Java Heap may be blocking the growth of the native heap
# Possible solutions:
#   Reduce memory load on the system
#   Increase physical memory or swap space
#   Check if swap backing store is full
#   Decrease Java heap size (-Xmx/-Xms)
#   Decrease number of Java threads
#   Decrease Java thread stack sizes (-Xss)
#   Set larger code cache with -XX:ReservedCodeCacheSize=
#   JVM is running with Zero Based Compressed Oops mode in which the Java heap is
#     placed in the first 32GB address space. The Java Heap base address is the
#     maximum limit for the native heap growth. Please use -XX:HeapBaseMinAddress
#     to set the Java Heap base and to place the Java Heap above 32GB virtual address.
# This output file may be truncated or incomplete.
#
#  Out of Memory Error (os_windows.cpp:3825), pid=11220, tid=3548
#
# JRE version:  (17.0.9+7) (build )
# Java VM: OpenJDK 64-Bit Server VM (17.0.9+7-b1000.46, mixed mode, sharing, tiered, compressed oops, compressed class ptrs, g1 gc, windows-amd64)
# No core dump will be written. Minidumps are not enabled by default on client versions of Windows
#

---------------  S U M M A R Y ------------

Command Line: git4idea.http.GitAskPassApp Username for 'https://github.com': 

Host: Intel(R) Core(TM) i7-6500U CPU @ 2.50GHz, 4 cores, 15G,  Windows 11 , 64 bit Build 22000 (10.0.22000.2538)
Time: Sat Feb 10 22:29:12 2024 Egypt Standard Time elapsed time: 0.019892 seconds (0d 0h 0m 0s)

---------------  T H R E A D  ---------------

Current thread (0x0000017d6b0cf140):  JavaThread "Unknown thread" [_thread_in_vm, id=3548, stack(0x0000001970d00000,0x0000001970e00000)]

Stack: [0x0000001970d00000,0x0000001970e00000]
Native frames: (J=compiled Java code, j=interpreted, Vv=VM code, C=native code)
V  [jvm.dll+0x6886e9]
V  [jvm.dll+0x841e4a]
V  [jvm.dll+0x843a8e]
V  [jvm.dll+0x8440f3]
V  [jvm.dll+0x24c14f]
V  [jvm.dll+0x685499]
V  [jvm.dll+0x679c2a]
V  [jvm.dll+0x30cf9b]
V  [jvm.dll+0x314446]
V  [jvm.dll+0x36425e]
V  [jvm.dll+0x36448f]
V  [jvm.dll+0x2e2d68]
V  [jvm.dll+0x2e3cd4]
V  [jvm.dll+0x8129f1]
V  [jvm.dll+0x3720c1]
V  [jvm.dll+0x7f152c]
V  [jvm.dll+0x3f5d4f]
V  [jvm.dll+0x3f7981]
C  [jli.dll+0x528f]
C  [ucrtbase.dll+0x26c0c]
C  [KERNEL32.DLL+0x153e0]
C  [ntdll.dll+0x485b]


---------------  P R O C E S S  ---------------

Threads class SMR info:
_java_thread_list=0x00007ffe378bef18, length=0, elements={
}

Java Threads: ( => current thread )

Other Threads:
  0x0000017d6b136bc0 GCTaskThread "GC Thread#0" [stack: 0x0000001970e00000,0x0000001970f00000] [id=19424]
  0x0000017d6b147b70 ConcurrentGCThread "G1 Main Marker" [stack: 0x0000001970f00000,0x0000001971000000] [id=19136]
  0x0000017d6b148d30 ConcurrentGCThread "G1 Conc#0" [stack: 0x0000001971000000,0x0000001971100000] [id=6328]

[error occurred during error reporting (printing all threads), id 0xc0000005, EXCEPTION_ACCESS_VIOLATION (0xc0000005) at pc=0x00007ffe37073937]

VM state: not at safepoint (not fully initialized)

VM Mutex/Monitor currently owned by a thread:  ([mutex/lock_event])
[0x0000017d6b0cb720] Heap_lock - owner thread: 0x0000017d6b0cf140

Heap address: 0x0000000701a00000, size: 4070 MB, Compressed Oops mode: Zero based, Oop shift amount: 3

CDS archive(s) mapped at: [0x0000000000000000-0x0000000000000000-0x0000000000000000), size 0, SharedBaseAddress: 0x0000000800000000, ArchiveRelocationMode: 1.
Narrow klass base: 0x0000000000000000, Narrow klass shift: 0, Narrow klass range: 0x0

GC Precious Log:
<Empty>

Heap:
 garbage-first heap   total 0K, used 0K [0x0000000701a00000, 0x0000000800000000)
  region size 2048K, 0 young (0K), 0 survivors (0K)
 Metaspace       used 0K, committed 0K, reserved 0K
  class space    used 0K, committed 0K, reserved 0K

Heap Regions: E=young(eden), S=young(survivor), O=old, HS=humongous(starts), HC=humongous(continues), CS=collection set, F=free, OA=open archive, CA=closed archive, TAMS=top-at-mark-start (previous, next)

Card table byte_map: [0x0000017d00000000,0x0000017d00800000] _byte_map_base: 0x0000017cfc7f3000

Marking Bits (Prev, Next): (CMBitMap*) 0x0000017d6b1371e0, (CMBitMap*) 0x0000017d6b137220
 Prev Bits: [0x0000017d01000000, 0x0000017d04f98000)
 Next Bits: [0x0000017d04fa0000, 0x0000017d08f38000)

GC Heap History (0 events):
No events

Dll operation events (1 events):
Event: 0.009 Loaded shared library C:\Program Files\JetBrains\IntelliJ IDEA 2023.2.5\jbr\bin\java.dll

Deoptimization events (0 events):
No events

Classes unloaded (0 events):
No events

Classes redefined (0 events):
No events

Internal exceptions (0 events):
No events

VM Operations (0 events):
No events

Events (0 events):
No events


Dynamic libraries:
0x00007ff6cd290000 - 0x00007ff6cd29a000 	C:\Program Files\JetBrains\IntelliJ IDEA 2023.2.5\jbr\bin\java.exe
0x00007ffe788c0000 - 0x00007ffe78ac9000 	C:\Windows\SYSTEM32\ntdll.dll
0x00007ffe77230000 - 0x00007ffe772ed000 	C:\Windows\System32\KERNEL32.DLL
0x00007ffe75d50000 - 0x00007ffe760d4000 	C:\Windows\System32\KERNELBASE.dll
0x00007ffe765c0000 - 0x00007ffe766d1000 	C:\Windows\System32\ucrtbase.dll
0x00007ffe65ce0000 - 0x00007ffe65cf7000 	C:\Program Files\JetBrains\IntelliJ IDEA 2023.2.5\jbr\bin\jli.dll
0x00007ffe5b720000 - 0x00007ffe5b73b000 	C:\Program Files\JetBrains\IntelliJ IDEA 2023.2.5\jbr\bin\VCRUNTIME140.dll
0x00007ffe77420000 - 0x00007ffe775cd000 	C:\Windows\System32\USER32.dll
0x00007ffe66250000 - 0x00007ffe664f5000 	C:\Windows\WinSxS\amd64_microsoft.windows.common-controls_6595b64144ccf1df_6.0.22000.120_none_9d947278b86cc467\COMCTL32.dll
0x00007ffe766e0000 - 0x00007ffe76706000 	C:\Windows\System32\win32u.dll
0x00007ffe76f70000 - 0x00007ffe77013000 	C:\Windows\System32\msvcrt.dll
0x00007ffe77150000 - 0x00007ffe7717a000 	C:\Windows\System32\GDI32.dll
0x00007ffe760e0000 - 0x00007ffe761fe000 	C:\Windows\System32\gdi32full.dll
0x00007ffe762f0000 - 0x00007ffe7638d000 	C:\Windows\System32\msvcp_win.dll
0x00007ffe77020000 - 0x00007ffe77051000 	C:\Windows\System32\IMM32.DLL
0x00007ffe67910000 - 0x00007ffe6791c000 	C:\Program Files\JetBrains\IntelliJ IDEA 2023.2.5\jbr\bin\vcruntime140_1.dll
0x00007ffe40890000 - 0x00007ffe4091d000 	C:\Program Files\JetBrains\IntelliJ IDEA 2023.2.5\jbr\bin\msvcp140.dll
0x00007ffe36d80000 - 0x00007ffe37a03000 	C:\Program Files\JetBrains\IntelliJ IDEA 2023.2.5\jbr\bin\server\jvm.dll
0x00007ffe77180000 - 0x00007ffe7722e000 	C:\Windows\System32\ADVAPI32.dll
0x00007ffe782b0000 - 0x00007ffe7834e000 	C:\Windows\System32\sechost.dll
0x00007ffe772f0000 - 0x00007ffe77411000 	C:\Windows\System32\RPCRT4.dll
0x00007ffe74670000 - 0x00007ffe746bd000 	C:\Windows\SYSTEM32\POWRPROF.dll
0x00007ffe61b40000 - 0x00007ffe61b49000 	C:\Windows\SYSTEM32\WSOCK32.dll
0x00007ffe68940000 - 0x00007ffe68973000 	C:\Windows\SYSTEM32\WINMM.dll
0x00007ffe6e830000 - 0x00007ffe6e83a000 	C:\Windows\SYSTEM32\VERSION.dll
0x00007ffe77060000 - 0x00007ffe770cf000 	C:\Windows\System32\WS2_32.dll
0x00007ffe747a0000 - 0x00007ffe747b3000 	C:\Windows\SYSTEM32\UMPDC.dll
0x00007ffe74e80000 - 0x00007ffe74e98000 	C:\Windows\SYSTEM32\kernel.appcore.dll
0x00007ffe72540000 - 0x00007ffe7254a000 	C:\Program Files\JetBrains\IntelliJ IDEA 2023.2.5\jbr\bin\jimage.dll
0x00007ffe62ee0000 - 0x00007ffe63101000 	C:\Windows\SYSTEM32\DBGHELP.DLL
0x00007ffe62cb0000 - 0x00007ffe62ce1000 	C:\Windows\SYSTEM32\dbgcore.DLL
0x00007ffe76200000 - 0x00007ffe7627f000 	C:\Windows\System32\bcryptPrimitives.dll
0x00007ffe6e940000 - 0x00007ffe6e965000 	C:\Program Files\JetBrains\IntelliJ IDEA 2023.2.5\jbr\bin\java.dll

dbghelp: loaded successfully - version: 4.0.5 - missing functions: none
symbol engine: initialized successfully - sym options: 0x614 - pdb path: .;C:\Program Files\JetBrains\IntelliJ IDEA 2023.2.5\jbr\bin;C:\Windows\SYSTEM32;C:\Windows\WinSxS\amd64_microsoft.windows.common-controls_6595b64144ccf1df_6.0.22000.120_none_9d947278b86cc467;C:\Program Files\JetBrains\IntelliJ IDEA 2023.2.5\jbr\bin\server

VM Arguments:
java_command: git4idea.http.GitAskPassApp Username for 'https://github.com': 
java_class_path (initial): C:/Program Files/JetBrains/IntelliJ IDEA 2023.2.5/plugins/vcs-git/lib/git4idea-rt.jar;C:/Program Files/JetBrains/IntelliJ IDEA 2023.2.5/lib/externalProcess-rt.jar
Launcher Type: SUN_STANDARD

[Global flags]
     intx CICompilerCount                          = 3                                         {product} {ergonomic}
     uint ConcGCThreads                            = 1                                         {product} {ergonomic}
     uint G1ConcRefinementThreads                  = 4                                         {product} {ergonomic}
   size_t G1HeapRegionSize                         = 2097152                                   {product} {ergonomic}
    uintx GCDrainStackTargetSize                   = 64                                        {product} {ergonomic}
   size_t InitialHeapSize                          = 268435456                                 {product} {ergonomic}
   size_t MarkStackSize                            = 4194304                                   {product} {ergonomic}
   size_t MaxHeapSize                              = 4267704320                                {product} {ergonomic}
   size_t MinHeapDeltaBytes                        = 2097152                                   {product} {ergonomic}
   size_t MinHeapSize                              = 8388608                                   {product} {ergonomic}
    uintx NonNMethodCodeHeapSize                   = 5832780                                {pd product} {ergonomic}
    uintx NonProfiledCodeHeapSize                  = 122912730                              {pd product} {ergonomic}
    uintx ProfiledCodeHeapSize                     = 122912730                              {pd product} {ergonomic}
    uintx ReservedCodeCacheSize                    = 251658240                              {pd product} {ergonomic}
     bool SegmentedCodeCache                       = true                                      {product} {ergonomic}
   size_t SoftMaxHeapSize                          = 4267704320                             {manageable} {ergonomic}
     bool UseCompressedClassPointers               = true                           {product lp64_product} {ergonomic}
     bool UseCompressedOops                        = true                           {product lp64_product} {ergonomic}
     bool UseG1GC                                  = true                                      {product} {ergonomic}
     bool UseLargePagesIndividualAllocation        = false                                  {pd product} {ergonomic}

Logging:
Log output configuration:
 #0: stdout all=warning uptime,level,tags
 #1: stderr all=off uptime,level,tags

Environment Variables:
PATH=C:\Program Files\Git\mingw64\libexec\git-core;C:\Program Files\Git\mingw64\libexec\git-core;C:\Program Files\Git\mingw64\bin;C:\Program Files\Git\usr\bin;C:\Users\MoAln\bin;C:\Program Files (x86)\Common Files\Oracle\Java\javapath;C:\Python311\Scripts;C:\Python311;C:\Windows\system32;C:\Windows;C:\Windows\System32\Wbem;C:\Windows\System32\WindowsPowerShell\v1.0;C:\Windows\System32\OpenSSH;C:\Program Files\Microsoft SQL Server\150\Tools\Binn;C:\Program Files\Microsoft SQL Server\Client SDK\ODBC\170\Tools\Binn;C:\Program Files (x86)\Microsoft SQL Server\160\Tools\Binn;C:\Program Files\Microsoft SQL Server\160\Tools\Binn;C:\Program Files\Microsoft SQL Server\160\DTS\Binn;C:\Program Files\Git\cmd;C:\Program Files (x86)\Microsoft SQL Server\160\DTS\Binn;C:\Program Files\Azure Data Studio\bin;C:\Program Files\nodejs;C:\ProgramData\chocolatey\bin;C:\Program Files\Docker\Docker\resources\bin;%HADOOP_HOME%bin;C:\Program Files\dotnet;C:\Program Files\MySQL\MySQL Shell 8.0\bin;C:\Users\MoAln\AppData\Local\Microsoft\WindowsApps;C:\Program Files\Git\cmd;C:\Program Files\Git\usr\bin;C:\Program Files\Azure Data Studio\bin;C:\Users\MoAln\.dotnet\tools;C:\Users\MoAln\AppData\Local\Programs\Microsoft VS Code\bin;C:\Users\MoAln\AppData\Roaming\npm;C:\Program Files\JetBrains\IntelliJ IDEA Community Edition 2023.2.4\bin;C:\Program Files\JetBrains\IntelliJ IDEA 2023.2.5\bin
USERNAME=MoAln
DISPLAY=:0.0
LC_ALL=en_US.UTF-8
TERM=xterm-256color
TMPDIR=C:\Users\MoAln\AppData\Local\Temp
OS=Windows_NT
PROCESSOR_IDENTIFIER=Intel64 Family 6 Model 78 Stepping 3, GenuineIntel
TMP=C:\Users\MoAln\AppData\Local\Temp
TEMP=C:\Users\MoAln\AppData\Local\Temp



Periodic native trim disabled

JNI global refs:
JNI global refs: 0, weak refs: 0

JNI global refs memory usage: 0, weak refs: 0

OOME stack traces (most recent first):
Classloader memory used:


---------------  S Y S T E M  ---------------

OS:
 Windows 11 , 64 bit Build 22000 (10.0.22000.2538)
OS uptime: 16 days 22:17 hours
Hyper-V role detected

CPU: total 4 (initial active 4) (2 cores per cpu, 2 threads per core) family 6 model 78 stepping 3 microcode 0xd6, cx8, cmov, fxsr, ht, mmx, 3dnowpref, sse, sse2, sse3, ssse3, sse4.1, sse4.2, popcnt, lzcnt, tsc, tscinvbit, avx, avx2, aes, erms, clmul, bmi1, bmi2, adx, fma, vzeroupper, clflush, clflushopt, hv
Processor Information for all 4 processors :
  Max Mhz: 2601, Current Mhz: 2601, Mhz Limit: 2601

Memory: 4k page, system-wide physical 16275M (3467M free)
TotalPageFile size 16275M (AvailPageFile size 203M)
current process WorkingSet (physical memory assigned to process): 10M, peak: 10M
current process commit charge ("private bytes"): 52M, peak: 307M

vm_info: OpenJDK 64-Bit Server VM (17.0.9+7-b1000.46) for windows-amd64 JRE (17.0.9+7-b1000.46), built on 2023-10-27 by "builduser" with MS VC++ 16.10 / 16.11 (VS2019)

END.
